

times in msec
 clock   self+sourced   self:  sourced script
 clock   elapsed:              other lines

000.072  000.072: --- NVIM STARTING ---
000.382  000.309: event init
000.870  000.489: early init
051.259  050.389: locale set
051.482  000.222: init first window
054.709  003.227: inits 1
055.154  000.445: window checked
055.208  000.054: parsing arguments
059.311  001.193  001.193: require('vim.shared')
062.244  001.256  001.256: require('vim._meta')
062.278  002.915  001.659: require('vim._editor')
062.313  004.542  000.434: require('vim._init_packages')
062.384  002.634: init lua interpreter
062.779  000.395: expanding arguments
063.052  000.273: inits 2
066.412  003.360: init highlight
066.473  000.061: waiting for UI
080.780  014.307: done waiting for UI
080.985  000.205: init screen for UI
082.409  001.424: init default mappings
082.634  000.226: init default autocommands
094.324  000.807  000.807: sourcing C:\Program Files\Neovim\share\nvim\runtime\ftplugin.vim
096.684  000.572  000.572: sourcing C:\Program Files\Neovim\share\nvim\runtime\indent.vim
110.032  008.480  008.480: require('lazy')
110.443  000.210  000.210: require('ffi')
113.297  002.638  002.638: require('lazy.core.cache')
115.559  001.491  001.491: require('lazy.stats')
118.118  001.166  001.166: require('lazy.core.util')
119.181  001.020  001.020: require('lazy.core.config')
121.394  001.245  001.245: require('lazy.core.handler')
122.642  001.211  001.211: require('lazy.core.plugin')
122.825  003.603  001.147: require('lazy.core.loader')
141.016  003.218  003.218: require('lazyvim.plugins.coding')
144.979  002.590  002.590: require('lazyvim.plugins.colorscheme')
147.837  001.626  001.626: require('lazyvim.config')
150.627  002.744  002.744: require('lazyvim.util')
155.455  004.448  004.448: require('lazyvim.config.options')
156.363  000.841  000.841: require('config.options')
156.598  011.509  001.851: require('lazyvim.plugins.core')
159.092  002.393  002.393: require('lazyvim.plugins.editor')
162.112  002.611  002.611: require('lazyvim.plugins.lsp')
164.664  002.025  002.025: require('lazyvim.plugins.treesitter')
167.575  002.651  002.651: require('lazyvim.plugins.ui')
170.989  002.498  002.498: require('lazyvim.plugins.util')
174.957  001.909  001.909: require('plugins.example')
182.190  001.873  001.873: require('lazy.core.handler.cmd')
183.960  001.711  001.711: require('lazy.core.handler.event')
185.716  001.682  001.682: require('lazy.core.handler.ft')
187.408  001.641  001.641: require('lazy.core.handler.keys')
191.473  000.325  000.325: require('vim.keymap')
205.930  003.206  003.206: sourcing C:\Program Files\Neovim\share\nvim\runtime/filetype.lua
207.300  001.122  001.122: require('vim.ui')
213.988  005.275  005.275: require('lazyvim')
215.397  001.062  001.062: require('lazy.manage.semver')
227.335  001.325  001.325: require('tokyonight.treesitter')
227.389  002.805  001.480: require('tokyonight.util')
230.709  001.230  001.230: require('tokyonight.colors')
230.759  003.348  002.118: require('tokyonight.theme')
232.566  001.784  001.784: require('tokyonight.config')
232.619  013.686  005.749: require('tokyonight')
232.825  016.989  003.303: require('tokyonight')
237.969  000.414  000.414: require('vim.F')
238.282  002.727  002.313: require('vim.diagnostic')
243.410  001.865  001.865: require('vim.treesitter.language')
243.629  003.717  001.851: require('vim.treesitter.query')
244.875  001.217  001.217: require('vim.treesitter.languagetree')
245.234  006.755  001.821: require('vim.treesitter')
246.297  001.027  001.027: require('vim.treesitter.highlighter')
257.839  000.416  000.416: sourcing C:\Program Files\Neovim\share\nvim\runtime/plugin/health.vim
260.231  001.045  001.045: sourcing C:\Program Files\Neovim\share\nvim\runtime/plugin/man.lua
274.615  002.810  002.810: sourcing C:\Program Files\Neovim\share\nvim\runtime\pack\dist\opt\matchit\plugin\matchit.vim
276.489  014.992  012.182: sourcing C:\Program Files\Neovim\share\nvim\runtime/plugin/matchit.vim
279.218  001.504  001.504: sourcing C:\Program Files\Neovim\share\nvim\runtime/plugin/matchparen.vim
286.930  006.063  006.063: sourcing C:\Program Files\Neovim\share\nvim\runtime/plugin/netrwPlugin.vim
293.191  004.258  004.258: sourcing C:\Program Files\Neovim\share\nvim\runtime/plugin/rplugin.vim
295.409  000.779  000.779: sourcing C:\Program Files\Neovim\share\nvim\runtime/plugin/shada.vim
297.116  000.377  000.377: sourcing C:\Program Files\Neovim\share\nvim\runtime/plugin/spellfile.vim
299.140  199.843  075.001: require('config.lazy')
299.192  200.437  000.594: sourcing C:\Users\phcre\AppData\Local\nvim\init.lua
299.649  015.199: sourcing vimrc file(s)
308.053  000.860  000.860: sourcing C:\Program Files\Neovim\share\nvim\runtime\filetype.lua
309.702  000.255  000.255: sourcing C:\Program Files\Neovim\share\nvim\runtime\filetype.vim
315.234  000.893  000.893: sourcing C:\Program Files\Neovim\share\nvim\runtime\syntax\synload.vim
316.554  004.928  004.035: sourcing C:\Program Files\Neovim\share\nvim\runtime\syntax\syntax.vim
316.838  011.146: inits 3
334.689  017.852: reading ShaDa
335.194  000.505: opening buffers
335.525  000.331: BufEnter autocommands
335.591  000.066: editing files in windows
345.252  007.726  007.726: require('alpha.themes.dashboard')
347.395  001.898  001.898: require('alpha')
376.898  031.684: VimEnter autocommands
380.642  003.744: UIEnter autocommands
595.819  212.573  212.573: sourcing C:\Program Files\Neovim\share\nvim\runtime\autoload\provider\clipboard.vim
595.964  002.749: before starting main loop
603.984  008.020: first screen update
604.037  000.053: --- NVIM STARTED ---


times in msec
 clock   self+sourced   self:  sourced script
 clock   elapsed:              other lines

000.039  000.039: --- NVIM STARTING ---
000.299  000.260: event init
000.722  000.423: early init
047.591  046.869: locale set
047.849  000.258: init first window
050.080  002.231: inits 1
050.647  000.567: window checked
050.709  000.062: parsing arguments
054.217  000.928  000.928: require('vim.shared')
056.165  000.766  000.766: require('vim._meta')
056.186  001.941  001.176: require('vim._editor')
056.199  003.248  000.379: require('vim._init_packages')
056.228  002.272: init lua interpreter
056.480  000.252: expanding arguments
056.684  000.204: inits 2
058.589  001.905: init highlight
058.602  000.013: waiting for UI
068.193  009.591: done waiting for UI
068.285  000.091: init screen for UI
068.976  000.691: init default mappings
069.048  000.072: init default autocommands
074.225  000.415  000.415: sourcing C:\Program Files\Neovim\share\nvim\runtime\ftplugin.vim
075.480  000.304  000.304: sourcing C:\Program Files\Neovim\share\nvim\runtime\indent.vim
082.970  004.969  004.969: require('lazy')
083.205  000.117  000.117: require('ffi')
084.964  001.669  001.669: require('lazy.core.cache')
086.198  000.792  000.792: require('lazy.stats')
087.339  000.571  000.571: require('lazy.core.util')
088.041  000.676  000.676: require('lazy.core.config')
089.727  001.021  001.021: require('lazy.core.handler')
090.473  000.722  000.722: require('lazy.core.plugin')
090.571  002.506  000.762: require('lazy.core.loader')
097.806  001.144  001.144: require('lazyvim.plugins.coding')
098.561  000.625  000.625: require('lazyvim.plugins.colorscheme')
100.113  000.954  000.954: require('lazyvim.config')
101.087  000.949  000.949: require('lazyvim.util')
103.922  002.300  002.300: require('lazyvim.config.options')
104.513  000.561  000.561: require('config.options')
104.693  006.081  001.316: require('lazyvim.plugins.core')
106.131  001.375  001.375: require('lazyvim.plugins.editor')
107.884  001.482  001.482: require('lazyvim.plugins.lsp')
110.409  001.462  001.462: require('lazyvim.plugins.treesitter')
112.088  001.527  001.527: require('lazyvim.plugins.ui')
113.320  001.052  001.052: require('lazyvim.plugins.util')
114.920  000.715  000.715: require('plugins.example')
117.999  000.935  000.935: require('lazy.core.handler.cmd')
119.638  000.877  000.877: require('lazy.core.handler.event')
119.684  001.642  000.765: require('lazy.core.handler.ft')
120.479  000.761  000.761: require('lazy.core.handler.keys')
121.796  000.160  000.160: require('vim.keymap')
129.446  001.606  001.606: sourcing C:\Program Files\Neovim\share\nvim\runtime/filetype.lua
130.334  000.681  000.681: require('vim.ui')
134.251  003.010  003.010: require('lazyvim')
135.220  000.634  000.634: require('lazy.manage.semver')
141.994  000.912  000.912: require('tokyonight.treesitter')
142.026  001.677  000.764: require('tokyonight.util')
144.044  000.691  000.691: require('tokyonight.colors')
144.073  002.033  001.342: require('tokyonight.theme')
144.786  000.696  000.696: require('tokyonight.config')
144.809  007.617  003.211: require('tokyonight')
144.972  009.476  001.860: require('tokyonight')
147.413  000.238  000.238: require('vim.F')
147.901  001.625  001.387: require('vim.diagnostic')
150.004  000.811  000.811: require('vim.treesitter.language')
150.053  001.445  000.634: require('vim.treesitter.query')
150.598  000.532  000.532: require('vim.treesitter.languagetree')
150.720  002.742  000.764: require('vim.treesitter')
151.157  000.417  000.417: require('vim.treesitter.highlighter')
156.069  000.154  000.154: sourcing C:\Program Files\Neovim\share\nvim\runtime/plugin/health.vim
157.104  000.392  000.392: sourcing C:\Program Files\Neovim\share\nvim\runtime/plugin/man.lua
161.588  000.988  000.988: sourcing C:\Program Files\Neovim\share\nvim\runtime\pack\dist\opt\matchit\plugin\matchit.vim
162.204  004.618  003.630: sourcing C:\Program Files\Neovim\share\nvim\runtime/plugin/matchit.vim
163.165  000.520  000.520: sourcing C:\Program Files\Neovim\share\nvim\runtime/plugin/matchparen.vim
165.187  001.453  001.453: sourcing C:\Program Files\Neovim\share\nvim\runtime/plugin/netrwPlugin.vim
166.929  001.262  001.262: sourcing C:\Program Files\Neovim\share\nvim\runtime/plugin/rplugin.vim
167.806  000.273  000.273: sourcing C:\Program Files\Neovim\share\nvim\runtime/plugin/shada.vim
168.355  000.142  000.142: sourcing C:\Program Files\Neovim\share\nvim\runtime/plugin/spellfile.vim
168.988  092.074  032.808: require('config.lazy')
169.001  092.351  000.277: sourcing C:\Users\phcre\AppData\Local\nvim\init.lua
169.084  006.967: sourcing vimrc file(s)
171.658  000.275  000.275: sourcing C:\Program Files\Neovim\share\nvim\runtime\filetype.lua
172.161  000.070  000.070: sourcing C:\Program Files\Neovim\share\nvim\runtime\filetype.vim
174.320  000.366  000.366: sourcing C:\Program Files\Neovim\share\nvim\runtime\syntax\synload.vim
174.716  001.677  001.311: sourcing C:\Program Files\Neovim\share\nvim\runtime\syntax\syntax.vim
174.823  003.718: inits 3
182.244  007.420: reading ShaDa
182.548  000.304: opening buffers
182.752  000.205: BufEnter autocommands
182.765  000.012: editing files in windows
186.279  002.724  002.724: require('alpha.themes.dashboard')
186.764  000.429  000.429: require('alpha')
197.489  011.571: VimEnter autocommands
199.684  002.195: UIEnter autocommands
288.051  087.081  087.081: sourcing C:\Program Files\Neovim\share\nvim\runtime\autoload\provider\clipboard.vim
288.131  001.367: before starting main loop
290.923  002.791: first screen update
290.939  000.016: --- NVIM STARTED ---
